# JRE version: Java(TM) SE Runtime Environment (8.0_241-b07) (build 1.8.0_241-b07)
# Java VM: Java HotSpot(TM) 64-Bit Server VM (25.241-b07 mixed mode windows-amd64 compressed oops)
Heap:
 PSYoungGen      total 120320K, used 79769K [0x00000000eb180000, 0x00000000f3d80000, 0x0000000100000000)
  eden space 113664K, 70% used [0x00000000eb180000,0x00000000eff667d0,0x00000000f2080000)
  from space 6656K, 0% used [0x00000000f3700000,0x00000000f3700000,0x00000000f3d80000)
  to   space 7680K, 0% used [0x00000000f2e80000,0x00000000f2e80000,0x00000000f3600000)
 ParOldGen       total 48128K, used 14542K [0x00000000c1400000, 0x00000000c4300000, 0x00000000eb180000)
  object space 48128K, 30% used [0x00000000c1400000,0x00000000c2233b88,0x00000000c4300000)
 Metaspace       used 40657K, capacity 43034K, committed 43224K, reserved 1087488K
  class space    used 5636K, capacity 6088K, committed 6144K, reserved 1048576K
GC Heap History (10 events):
Event: 4.792 GC heap before
{Heap before GC invocations=8 (full 1):
 PSYoungGen      total 71680K, used 3508K [0x00000000eb180000, 0x00000000f3d80000, 0x0000000100000000)
  eden space 65024K, 0% used [0x00000000eb180000,0x00000000eb180000,0x00000000ef100000)
  from space 6656K, 52% used [0x00000000ef100000,0x00000000ef46d2d8,0x00000000ef780000)
  to   space 6656K, 0% used [0x00000000f3700000,0x00000000f3700000,0x00000000f3d80000)
 ParOldGen       total 44032K, used 8822K [0x00000000c1400000, 0x00000000c3f00000, 0x00000000eb180000)
  object space 44032K, 20% used [0x00000000c1400000,0x00000000c1c9da30,0x00000000c3f00000)
 Metaspace       used 20254K, capacity 21102K, committed 21248K, reserved 1067008K
  class space    used 2772K, capacity 2982K, committed 3072K, reserved 1048576K
Event: 4.836 GC heap after
Heap after GC invocations=8 (full 1):
 PSYoungGen      total 71680K, used 0K [0x00000000eb180000, 0x00000000f3d80000, 0x0000000100000000)
  eden space 65024K, 0% used [0x00000000eb180000,0x00000000eb180000,0x00000000ef100000)
  from space 6656K, 0% used [0x00000000ef100000,0x00000000ef100000,0x00000000ef780000)
  to   space 6656K, 0% used [0x00000000f3700000,0x00000000f3700000,0x00000000f3d80000)
 ParOldGen       total 30208K, used 6385K [0x00000000c1400000, 0x00000000c3180000, 0x00000000eb180000)
  object space 30208K, 21% used [0x00000000c1400000,0x00000000c1a3c660,0x00000000c3180000)
 Metaspace       used 20254K, capacity 21102K, committed 21248K, reserved 1067008K
  class space    used 2772K, capacity 2982K, committed 3072K, reserved 1048576K
}
Event: 5.566 GC heap before
{Heap before GC invocations=9 (full 1):
 PSYoungGen      total 71680K, used 65024K [0x00000000eb180000, 0x00000000f3d80000, 0x0000000100000000)
  eden space 65024K, 100% used [0x00000000eb180000,0x00000000ef100000,0x00000000ef100000)
  from space 6656K, 0% used [0x00000000ef100000,0x00000000ef100000,0x00000000ef780000)
  to   space 6656K, 0% used [0x00000000f3700000,0x00000000f3700000,0x00000000f3d80000)
 ParOldGen       total 30208K, used 6385K [0x00000000c1400000, 0x00000000c3180000, 0x00000000eb180000)
  object space 30208K, 21% used [0x00000000c1400000,0x00000000c1a3c660,0x00000000c3180000)
 Metaspace       used 23714K, capacity 24750K, committed 25088K, reserved 1071104K
  class space    used 3235K, capacity 3490K, committed 3584K, reserved 1048576K
Event: 5.574 GC heap after
Heap after GC invocations=9 (full 1):
 PSYoungGen      total 120320K, used 6614K [0x00000000eb180000, 0x00000000f3d80000, 0x0000000100000000)
  eden space 113664K, 0% used [0x00000000eb180000,0x00000000eb180000,0x00000000f2080000)
  from space 6656K, 99% used [0x00000000f3700000,0x00000000f3d75a50,0x00000000f3d80000)
  to   space 7680K, 0% used [0x00000000f2e80000,0x00000000f2e80000,0x00000000f3600000)
 ParOldGen       total 30208K, used 6393K [0x00000000c1400000, 0x00000000c3180000, 0x00000000eb180000)
  object space 30208K, 21% used [0x00000000c1400000,0x00000000c1a3e660,0x00000000c3180000)
 Metaspace       used 23714K, capacity 24750K, committed 25088K, reserved 1071104K
  class space    used 3235K, capacity 3490K, committed 3584K, reserved 1048576K
}
Event: 7.202 GC heap before
{Heap before GC invocations=10 (full 1):
 PSYoungGen      total 120320K, used 120271K [0x00000000eb180000, 0x00000000f3d80000, 0x0000000100000000)
  eden space 113664K, 99% used [0x00000000eb180000,0x00000000f207e400,0x00000000f2080000)
  from space 6656K, 99% used [0x00000000f3700000,0x00000000f3d75a50,0x00000000f3d80000)
  to   space 7680K, 0% used [0x00000000f2e80000,0x00000000f2e80000,0x00000000f3600000)
 ParOldGen       total 30208K, used 6393K [0x00000000c1400000, 0x00000000c3180000, 0x00000000eb180000)
  object space 30208K, 21% used [0x00000000c1400000,0x00000000c1a3e660,0x00000000c3180000)
 Metaspace       used 29650K, capacity 31592K, committed 31744K, reserved 1077248K
  class space    used 4118K, capacity 4507K, committed 4608K, reserved 1048576K
Event: 7.216 GC heap after
Heap after GC invocations=10 (full 1):
 PSYoungGen      total 121344K, used 7669K [0x00000000eb180000, 0x00000000f3d80000, 0x0000000100000000)
  eden space 113664K, 0% used [0x00000000eb180000,0x00000000eb180000,0x00000000f2080000)
  from space 7680K, 99% used [0x00000000f2e80000,0x00000000f35fd780,0x00000000f3600000)
  to   space 6656K, 0% used [0x00000000f3700000,0x00000000f3700000,0x00000000f3d80000)
 ParOldGen       total 30208K, used 9634K [0x00000000c1400000, 0x00000000c3180000, 0x00000000eb180000)
  object space 30208K, 31% used [0x00000000c1400000,0x00000000c1d68ac0,0x00000000c3180000)
 Metaspace       used 29650K, capacity 31592K, committed 31744K, reserved 1077248K
  class space    used 4118K, capacity 4507K, committed 4608K, reserved 1048576K
}
Event: 7.873 GC heap before
{Heap before GC invocations=11 (full 1):
 PSYoungGen      total 121344K, used 54306K [0x00000000eb180000, 0x00000000f3d80000, 0x0000000100000000)
  eden space 113664K, 41% used [0x00000000eb180000,0x00000000edf0b160,0x00000000f2080000)
  from space 7680K, 99% used [0x00000000f2e80000,0x00000000f35fd780,0x00000000f3600000)
  to   space 6656K, 0% used [0x00000000f3700000,0x00000000f3700000,0x00000000f3d80000)
 ParOldGen       total 30208K, used 9634K [0x00000000c1400000, 0x00000000c3180000, 0x00000000eb180000)
  object space 30208K, 31% used [0x00000000c1400000,0x00000000c1d68ac0,0x00000000c3180000)
 Metaspace       used 33355K, capacity 35368K, committed 35416K, reserved 1079296K
  class space    used 4571K, capacity 4972K, committed 4992K, reserved 1048576K
Event: 7.887 GC heap after
Heap after GC invocations=11 (full 1):
 PSYoungGen      total 120320K, used 6635K [0x00000000eb180000, 0x00000000f3d80000, 0x0000000100000000)
  eden space 113664K, 0% used [0x00000000eb180000,0x00000000eb180000,0x00000000f2080000)
  from space 6656K, 99% used [0x00000000f3700000,0x00000000f3d7ae48,0x00000000f3d80000)
  to   space 7680K, 0% used [0x00000000f2e80000,0x00000000f2e80000,0x00000000f3600000)
 ParOldGen       total 30208K, used 12641K [0x00000000c1400000, 0x00000000c3180000, 0x00000000eb180000)
  object space 30208K, 41% used [0x00000000c1400000,0x00000000c2058440,0x00000000c3180000)
 Metaspace       used 33355K, capacity 35368K, committed 35416K, reserved 1079296K
  class space    used 4571K, capacity 4972K, committed 4992K, reserved 1048576K
}
Event: 7.887 GC heap before
{Heap before GC invocations=12 (full 2):
 PSYoungGen      total 120320K, used 6635K [0x00000000eb180000, 0x00000000f3d80000, 0x0000000100000000)
  eden space 113664K, 0% used [0x00000000eb180000,0x00000000eb180000,0x00000000f2080000)
  from space 6656K, 99% used [0x00000000f3700000,0x00000000f3d7ae48,0x00000000f3d80000)
  to   space 7680K, 0% used [0x00000000f2e80000,0x00000000f2e80000,0x00000000f3600000)
 ParOldGen       total 30208K, used 12641K [0x00000000c1400000, 0x00000000c3180000, 0x00000000eb180000)
  object space 30208K, 41% used [0x00000000c1400000,0x00000000c2058440,0x00000000c3180000)
 Metaspace       used 33355K, capacity 35368K, committed 35416K, reserved 1079296K
  class space    used 4571K, capacity 4972K, committed 4992K, reserved 1048576K
Event: 7.953 GC heap after
Heap after GC invocations=12 (full 2):
 PSYoungGen      total 120320K, used 0K [0x00000000eb180000, 0x00000000f3d80000, 0x0000000100000000)
  eden space 113664K, 0% used [0x00000000eb180000,0x00000000eb180000,0x00000000f2080000)
  from space 6656K, 0% used [0x00000000f3700000,0x00000000f3700000,0x00000000f3d80000)
  to   space 7680K, 0% used [0x00000000f2e80000,0x00000000f2e80000,0x00000000f3600000)
 ParOldGen       total 48128K, used 14542K [0x00000000c1400000, 0x00000000c4300000, 0x00000000eb180000)
  object space 48128K, 30% used [0x00000000c1400000,0x00000000c2233b88,0x00000000c4300000)
 Metaspace       used 33355K, capacity 35368K, committed 35416K, reserved 1079296K
  class space    used 4571K, capacity 4972K, committed 4992K, reserved 1048576K
}

