# JRE version: Java(TM) SE Runtime Environment (8.0_241-b07) (build 1.8.0_241-b07)
# Java VM: Java HotSpot(TM) 64-Bit Server VM (25.241-b07 mixed mode windows-amd64 compressed oops)
Heap:
 PSYoungGen      total 153088K, used 27558K [0x00000000f5580000, 0x0000000100000000, 0x0000000100000000)
  eden space 138240K, 9% used [0x00000000f5580000,0x00000000f6215e70,0x00000000fdc80000)
  from space 14848K, 98% used [0x00000000fdc80000,0x00000000fead3a18,0x00000000feb00000)
  to   space 18944K, 0% used [0x00000000fed80000,0x00000000fed80000,0x0000000100000000)
 ParOldGen       total 211968K, used 28731K [0x00000000e0000000, 0x00000000ecf00000, 0x00000000f5580000)
  object space 211968K, 13% used [0x00000000e0000000,0x00000000e1c0ec70,0x00000000ecf00000)
 Metaspace       used 62809K, capacity 67182K, committed 67328K, reserved 1107968K
  class space    used 8824K, capacity 9618K, committed 9728K, reserved 1048576K
GC Heap History (10 events):
Event: 44.396 GC heap before
{Heap before GC invocations=12 (full 2):
 PSYoungGen      total 160768K, used 160757K [0x00000000f5580000, 0x0000000100000000, 0x0000000100000000)
  eden space 147968K, 100% used [0x00000000f5580000,0x00000000fe600000,0x00000000fe600000)
  from space 12800K, 99% used [0x00000000fe600000,0x00000000ff27d4e0,0x00000000ff280000)
  to   space 13824K, 0% used [0x00000000ff280000,0x00000000ff280000,0x0000000100000000)
 ParOldGen       total 175104K, used 15856K [0x00000000e0000000, 0x00000000eab00000, 0x00000000f5580000)
  object space 175104K, 9% used [0x00000000e0000000,0x00000000e0f7c1a0,0x00000000eab00000)
 Metaspace       used 54601K, capacity 58320K, committed 58496K, reserved 1099776K
  class space    used 7823K, capacity 8461K, committed 8576K, reserved 1048576K
Event: 44.422 GC heap after
Heap after GC invocations=12 (full 2):
 PSYoungGen      total 151552K, used 13812K [0x00000000f5580000, 0x0000000100000000, 0x0000000100000000)
  eden space 137728K, 0% used [0x00000000f5580000,0x00000000f5580000,0x00000000fdc00000)
  from space 13824K, 99% used [0x00000000ff280000,0x00000000ffffd0a8,0x0000000100000000)
  to   space 18432K, 0% used [0x00000000fdc00000,0x00000000fdc00000,0x00000000fee00000)
 ParOldGen       total 175104K, used 21236K [0x00000000e0000000, 0x00000000eab00000, 0x00000000f5580000)
  object space 175104K, 12% used [0x00000000e0000000,0x00000000e14bd3e8,0x00000000eab00000)
 Metaspace       used 54601K, capacity 58320K, committed 58496K, reserved 1099776K
  class space    used 7823K, capacity 8461K, committed 8576K, reserved 1048576K
}
Event: 46.479 GC heap before
{Heap before GC invocations=13 (full 2):
 PSYoungGen      total 151552K, used 99192K [0x00000000f5580000, 0x0000000100000000, 0x0000000100000000)
  eden space 137728K, 61% used [0x00000000f5580000,0x00000000fa8e1018,0x00000000fdc00000)
  from space 13824K, 99% used [0x00000000ff280000,0x00000000ffffd0a8,0x0000000100000000)
  to   space 18432K, 0% used [0x00000000fdc00000,0x00000000fdc00000,0x00000000fee00000)
 ParOldGen       total 175104K, used 21236K [0x00000000e0000000, 0x00000000eab00000, 0x00000000f5580000)
  object space 175104K, 12% used [0x00000000e0000000,0x00000000e14bd3e8,0x00000000eab00000)
 Metaspace       used 55269K, capacity 59022K, committed 59096K, reserved 1099776K
  class space    used 7864K, capacity 8544K, committed 8576K, reserved 1048576K
Event: 46.518 GC heap after
Heap after GC invocations=13 (full 2):
 PSYoungGen      total 156160K, used 7160K [0x00000000f5580000, 0x0000000100000000, 0x0000000100000000)
  eden space 137728K, 0% used [0x00000000f5580000,0x00000000f5580000,0x00000000fdc00000)
  from space 18432K, 38% used [0x00000000fdc00000,0x00000000fe2fe020,0x00000000fee00000)
  to   space 17920K, 0% used [0x00000000fee80000,0x00000000fee80000,0x0000000100000000)
 ParOldGen       total 175104K, used 28873K [0x00000000e0000000, 0x00000000eab00000, 0x00000000f5580000)
  object space 175104K, 16% used [0x00000000e0000000,0x00000000e1c327f0,0x00000000eab00000)
 Metaspace       used 55269K, capacity 59022K, committed 59096K, reserved 1099776K
  class space    used 7864K, capacity 8544K, committed 8576K, reserved 1048576K
}
Event: 46.518 GC heap before
{Heap before GC invocations=14 (full 3):
 PSYoungGen      total 156160K, used 7160K [0x00000000f5580000, 0x0000000100000000, 0x0000000100000000)
  eden space 137728K, 0% used [0x00000000f5580000,0x00000000f5580000,0x00000000fdc00000)
  from space 18432K, 38% used [0x00000000fdc00000,0x00000000fe2fe020,0x00000000fee00000)
  to   space 17920K, 0% used [0x00000000fee80000,0x00000000fee80000,0x0000000100000000)
 ParOldGen       total 175104K, used 28873K [0x00000000e0000000, 0x00000000eab00000, 0x00000000f5580000)
  object space 175104K, 16% used [0x00000000e0000000,0x00000000e1c327f0,0x00000000eab00000)
 Metaspace       used 55269K, capacity 59022K, committed 59096K, reserved 1099776K
  class space    used 7864K, capacity 8544K, committed 8576K, reserved 1048576K
Event: 46.846 GC heap after
Heap after GC invocations=14 (full 3):
 PSYoungGen      total 156160K, used 0K [0x00000000f5580000, 0x0000000100000000, 0x0000000100000000)
  eden space 137728K, 0% used [0x00000000f5580000,0x00000000f5580000,0x00000000fdc00000)
  from space 18432K, 0% used [0x00000000fdc00000,0x00000000fdc00000,0x00000000fee00000)
  to   space 17920K, 0% used [0x00000000fee80000,0x00000000fee80000,0x0000000100000000)
 ParOldGen       total 211968K, used 28715K [0x00000000e0000000, 0x00000000ecf00000, 0x00000000f5580000)
  object space 211968K, 13% used [0x00000000e0000000,0x00000000e1c0ac70,0x00000000ecf00000)
 Metaspace       used 55262K, capacity 58998K, committed 59096K, reserved 1099776K
  class space    used 7862K, capacity 8540K, committed 8576K, reserved 1048576K
}
Event: 53.182 GC heap before
{Heap before GC invocations=15 (full 3):
 PSYoungGen      total 156160K, used 137728K [0x00000000f5580000, 0x0000000100000000, 0x0000000100000000)
  eden space 137728K, 100% used [0x00000000f5580000,0x00000000fdc00000,0x00000000fdc00000)
  from space 18432K, 0% used [0x00000000fdc00000,0x00000000fdc00000,0x00000000fee00000)
  to   space 17920K, 0% used [0x00000000fee80000,0x00000000fee80000,0x0000000100000000)
 ParOldGen       total 211968K, used 28715K [0x00000000e0000000, 0x00000000ecf00000, 0x00000000f5580000)
  object space 211968K, 13% used [0x00000000e0000000,0x00000000e1c0ac70,0x00000000ecf00000)
 Metaspace       used 61186K, capacity 65270K, committed 65536K, reserved 1105920K
  class space    used 8651K, capacity 9392K, committed 9472K, reserved 1048576K
Event: 53.218 GC heap after
Heap after GC invocations=15 (full 3):
 PSYoungGen      total 155648K, used 12448K [0x00000000f5580000, 0x00000000fff80000, 0x0000000100000000)
  eden space 138240K, 0% used [0x00000000f5580000,0x00000000f5580000,0x00000000fdc80000)
  from space 17408K, 71% used [0x00000000fee80000,0x00000000ffaa8058,0x00000000fff80000)
  to   space 17920K, 0% used [0x00000000fdc80000,0x00000000fdc80000,0x00000000fee00000)
 ParOldGen       total 211968K, used 28723K [0x00000000e0000000, 0x00000000ecf00000, 0x00000000f5580000)
  object space 211968K, 13% used [0x00000000e0000000,0x00000000e1c0cc70,0x00000000ecf00000)
 Metaspace       used 61186K, capacity 65270K, committed 65536K, reserved 1105920K
  class space    used 8651K, capacity 9392K, committed 9472K, reserved 1048576K
}
Event: 303.781 GC heap before
{Heap before GC invocations=16 (full 3):
 PSYoungGen      total 155648K, used 150688K [0x00000000f5580000, 0x00000000fff80000, 0x0000000100000000)
  eden space 138240K, 100% used [0x00000000f5580000,0x00000000fdc80000,0x00000000fdc80000)
  from space 17408K, 71% used [0x00000000fee80000,0x00000000ffaa8058,0x00000000fff80000)
  to   space 17920K, 0% used [0x00000000fdc80000,0x00000000fdc80000,0x00000000fee00000)
 ParOldGen       total 211968K, used 28723K [0x00000000e0000000, 0x00000000ecf00000, 0x00000000f5580000)
  object space 211968K, 13% used [0x00000000e0000000,0x00000000e1c0cc70,0x00000000ecf00000)
 Metaspace       used 62666K, capacity 66980K, committed 67328K, reserved 1107968K
  class space    used 8818K, capacity 9607K, committed 9728K, reserved 1048576K
Event: 304.879 GC heap after
Heap after GC invocations=16 (full 3):
 PSYoungGen      total 153088K, used 14670K [0x00000000f5580000, 0x0000000100000000, 0x0000000100000000)
  eden space 138240K, 0% used [0x00000000f5580000,0x00000000f5580000,0x00000000fdc80000)
  from space 14848K, 98% used [0x00000000fdc80000,0x00000000fead3a18,0x00000000feb00000)
  to   space 18944K, 0% used [0x00000000fed80000,0x00000000fed80000,0x0000000100000000)
 ParOldGen       total 211968K, used 28731K [0x00000000e0000000, 0x00000000ecf00000, 0x00000000f5580000)
  object space 211968K, 13% used [0x00000000e0000000,0x00000000e1c0ec70,0x00000000ecf00000)
 Metaspace       used 62666K, capacity 66980K, committed 67328K, reserved 1107968K
  class space    used 8818K, capacity 9607K, committed 9728K, reserved 1048576K
}

