# JRE version: Java(TM) SE Runtime Environment (8.0_241-b07) (build 1.8.0_241-b07)
# Java VM: Java HotSpot(TM) 64-Bit Server VM (25.241-b07 mixed mode windows-amd64 compressed oops)
Heap:
 PSYoungGen      total 154112K, used 11205K [0x00000000f5580000, 0x0000000100000000, 0x0000000100000000)
  eden space 137728K, 2% used [0x00000000f5580000,0x00000000f58c4408,0x00000000fdc00000)
  from space 16384K, 47% used [0x00000000ff000000,0x00000000ff7ad008,0x0000000100000000)
  to   space 18432K, 0% used [0x00000000fdc00000,0x00000000fdc00000,0x00000000fee00000)
 ParOldGen       total 235520K, used 31768K [0x00000000e0000000, 0x00000000ee600000, 0x00000000f5580000)
  object space 235520K, 13% used [0x00000000e0000000,0x00000000e1f061e8,0x00000000ee600000)
 Metaspace       used 56542K, capacity 60894K, committed 61184K, reserved 1101824K
  class space    used 8136K, capacity 8905K, committed 8960K, reserved 1048576K
GC Heap History (10 events):
Event: 15.066 GC heap before
{Heap before GC invocations=11 (full 2):
 PSYoungGen      total 147456K, used 147232K [0x00000000f5580000, 0x00000000ffb00000, 0x0000000100000000)
  eden space 139264K, 100% used [0x00000000f5580000,0x00000000fdd80000,0x00000000fdd80000)
  from space 8192K, 97% used [0x00000000ff300000,0x00000000ffac82c0,0x00000000ffb00000)
  to   space 11264K, 0% used [0x00000000fe500000,0x00000000fe500000,0x00000000ff000000)
 ParOldGen       total 175104K, used 15254K [0x00000000e0000000, 0x00000000eab00000, 0x00000000f5580000)
  object space 175104K, 8% used [0x00000000e0000000,0x00000000e0ee5a40,0x00000000eab00000)
 Metaspace       used 44621K, capacity 47268K, committed 47488K, reserved 1089536K
  class space    used 6463K, capacity 6965K, committed 7040K, reserved 1048576K
Event: 15.103 GC heap after
Heap after GC invocations=11 (full 2):
 PSYoungGen      total 158208K, used 11260K [0x00000000f5580000, 0x0000000100000000, 0x0000000100000000)
  eden space 146944K, 0% used [0x00000000f5580000,0x00000000f5580000,0x00000000fe500000)
  from space 11264K, 99% used [0x00000000fe500000,0x00000000fefff0c0,0x00000000ff000000)
  to   space 13312K, 0% used [0x00000000ff300000,0x00000000ff300000,0x0000000100000000)
 ParOldGen       total 175104K, used 17074K [0x00000000e0000000, 0x00000000eab00000, 0x00000000f5580000)
  object space 175104K, 9% used [0x00000000e0000000,0x00000000e10aca88,0x00000000eab00000)
 Metaspace       used 44621K, capacity 47268K, committed 47488K, reserved 1089536K
  class space    used 6463K, capacity 6965K, committed 7040K, reserved 1048576K
}
Event: 18.600 GC heap before
{Heap before GC invocations=12 (full 2):
 PSYoungGen      total 158208K, used 158204K [0x00000000f5580000, 0x0000000100000000, 0x0000000100000000)
  eden space 146944K, 100% used [0x00000000f5580000,0x00000000fe500000,0x00000000fe500000)
  from space 11264K, 99% used [0x00000000fe500000,0x00000000fefff0c0,0x00000000ff000000)
  to   space 13312K, 0% used [0x00000000ff300000,0x00000000ff300000,0x0000000100000000)
 ParOldGen       total 175104K, used 17074K [0x00000000e0000000, 0x00000000eab00000, 0x00000000f5580000)
  object space 175104K, 9% used [0x00000000e0000000,0x00000000e10aca88,0x00000000eab00000)
 Metaspace       used 52270K, capacity 56228K, committed 56576K, reserved 1097728K
  class space    used 7659K, capacity 8344K, committed 8448K, reserved 1048576K
Event: 18.666 GC heap after
Heap after GC invocations=12 (full 2):
 PSYoungGen      total 155136K, used 13304K [0x00000000f5580000, 0x0000000100000000, 0x0000000100000000)
  eden space 141824K, 0% used [0x00000000f5580000,0x00000000f5580000,0x00000000fe000000)
  from space 13312K, 99% used [0x00000000ff300000,0x00000000ffffe060,0x0000000100000000)
  to   space 16384K, 0% used [0x00000000fe000000,0x00000000fe000000,0x00000000ff000000)
 ParOldGen       total 175104K, used 22448K [0x00000000e0000000, 0x00000000eab00000, 0x00000000f5580000)
  object space 175104K, 12% used [0x00000000e0000000,0x00000000e15ec398,0x00000000eab00000)
 Metaspace       used 52270K, capacity 56228K, committed 56576K, reserved 1097728K
  class space    used 7659K, capacity 8344K, committed 8448K, reserved 1048576K
}
Event: 19.788 GC heap before
{Heap before GC invocations=13 (full 2):
 PSYoungGen      total 155136K, used 60854K [0x00000000f5580000, 0x0000000100000000, 0x0000000100000000)
  eden space 141824K, 33% used [0x00000000f5580000,0x00000000f83ef980,0x00000000fe000000)
  from space 13312K, 99% used [0x00000000ff300000,0x00000000ffffe060,0x0000000100000000)
  to   space 16384K, 0% used [0x00000000fe000000,0x00000000fe000000,0x00000000ff000000)
 ParOldGen       total 175104K, used 22448K [0x00000000e0000000, 0x00000000eab00000, 0x00000000f5580000)
  object space 175104K, 12% used [0x00000000e0000000,0x00000000e15ec398,0x00000000eab00000)
 Metaspace       used 54805K, capacity 59046K, committed 59096K, reserved 1099776K
  class space    used 8008K, capacity 8787K, committed 8832K, reserved 1048576K
Event: 19.817 GC heap after
Heap after GC invocations=13 (full 2):
 PSYoungGen      total 158208K, used 16368K [0x00000000f5580000, 0x0000000100000000, 0x0000000100000000)
  eden space 141824K, 0% used [0x00000000f5580000,0x00000000f5580000,0x00000000fe000000)
  from space 16384K, 99% used [0x00000000fe000000,0x00000000feffc260,0x00000000ff000000)
  to   space 16384K, 0% used [0x00000000ff000000,0x00000000ff000000,0x0000000100000000)
 ParOldGen       total 175104K, used 23565K [0x00000000e0000000, 0x00000000eab00000, 0x00000000f5580000)
  object space 175104K, 13% used [0x00000000e0000000,0x00000000e1703708,0x00000000eab00000)
 Metaspace       used 54805K, capacity 59046K, committed 59096K, reserved 1099776K
  class space    used 8008K, capacity 8787K, committed 8832K, reserved 1048576K
}
Event: 19.817 GC heap before
{Heap before GC invocations=14 (full 3):
 PSYoungGen      total 158208K, used 16368K [0x00000000f5580000, 0x0000000100000000, 0x0000000100000000)
  eden space 141824K, 0% used [0x00000000f5580000,0x00000000f5580000,0x00000000fe000000)
  from space 16384K, 99% used [0x00000000fe000000,0x00000000feffc260,0x00000000ff000000)
  to   space 16384K, 0% used [0x00000000ff000000,0x00000000ff000000,0x0000000100000000)
 ParOldGen       total 175104K, used 23565K [0x00000000e0000000, 0x00000000eab00000, 0x00000000f5580000)
  object space 175104K, 13% used [0x00000000e0000000,0x00000000e1703708,0x00000000eab00000)
 Metaspace       used 54805K, capacity 59046K, committed 59096K, reserved 1099776K
  class space    used 8008K, capacity 8787K, committed 8832K, reserved 1048576K
Event: 20.112 GC heap after
Heap after GC invocations=14 (full 3):
 PSYoungGen      total 158208K, used 0K [0x00000000f5580000, 0x0000000100000000, 0x0000000100000000)
  eden space 141824K, 0% used [0x00000000f5580000,0x00000000f5580000,0x00000000fe000000)
  from space 16384K, 0% used [0x00000000fe000000,0x00000000fe000000,0x00000000ff000000)
  to   space 16384K, 0% used [0x00000000ff000000,0x00000000ff000000,0x0000000100000000)
 ParOldGen       total 235520K, used 31760K [0x00000000e0000000, 0x00000000ee600000, 0x00000000f5580000)
  object space 235520K, 13% used [0x00000000e0000000,0x00000000e1f041e8,0x00000000ee600000)
 Metaspace       used 54790K, capacity 58998K, committed 59096K, reserved 1099776K
  class space    used 8004K, capacity 8779K, committed 8832K, reserved 1048576K
}
Event: 23.515 GC heap before
{Heap before GC invocations=15 (full 3):
 PSYoungGen      total 158208K, used 141824K [0x00000000f5580000, 0x0000000100000000, 0x0000000100000000)
  eden space 141824K, 100% used [0x00000000f5580000,0x00000000fe000000,0x00000000fe000000)
  from space 16384K, 0% used [0x00000000fe000000,0x00000000fe000000,0x00000000ff000000)
  to   space 16384K, 0% used [0x00000000ff000000,0x00000000ff000000,0x0000000100000000)
 ParOldGen       total 235520K, used 31760K [0x00000000e0000000, 0x00000000ee600000, 0x00000000f5580000)
  object space 235520K, 13% used [0x00000000e0000000,0x00000000e1f041e8,0x00000000ee600000)
 Metaspace       used 56532K, capacity 60894K, committed 61184K, reserved 1101824K
  class space    used 8136K, capacity 8905K, committed 8960K, reserved 1048576K
Event: 23.538 GC heap after
Heap after GC invocations=15 (full 3):
 PSYoungGen      total 154112K, used 7860K [0x00000000f5580000, 0x0000000100000000, 0x0000000100000000)
  eden space 137728K, 0% used [0x00000000f5580000,0x00000000f5580000,0x00000000fdc00000)
  from space 16384K, 47% used [0x00000000ff000000,0x00000000ff7ad008,0x0000000100000000)
  to   space 18432K, 0% used [0x00000000fdc00000,0x00000000fdc00000,0x00000000fee00000)
 ParOldGen       total 235520K, used 31768K [0x00000000e0000000, 0x00000000ee600000, 0x00000000f5580000)
  object space 235520K, 13% used [0x00000000e0000000,0x00000000e1f061e8,0x00000000ee600000)
 Metaspace       used 56532K, capacity 60894K, committed 61184K, reserved 1101824K
  class space    used 8136K, capacity 8905K, committed 8960K, reserved 1048576K
}

