# JRE version: Java(TM) SE Runtime Environment (8.0_241-b07) (build 1.8.0_241-b07)
# Java VM: Java HotSpot(TM) 64-Bit Server VM (25.241-b07 mixed mode windows-amd64 compressed oops)
Heap:
 PSYoungGen      total 153600K, used 28044K [0x00000000f5580000, 0x0000000100000000, 0x0000000100000000)
  eden space 138752K, 20% used [0x00000000f5580000,0x00000000f70e31a0,0x00000000fdd00000)
  from space 14848K, 0% used [0x00000000ff180000,0x00000000ff180000,0x0000000100000000)
  to   space 17920K, 0% used [0x00000000fdd00000,0x00000000fdd00000,0x00000000fee80000)
 ParOldGen       total 243200K, used 31297K [0x00000000e0000000, 0x00000000eed80000, 0x00000000f5580000)
  object space 243200K, 12% used [0x00000000e0000000,0x00000000e1e90738,0x00000000eed80000)
 Metaspace       used 55974K, capacity 59741K, committed 59992K, reserved 1099776K
  class space    used 8211K, capacity 8933K, committed 8960K, reserved 1048576K
GC Heap History (10 events):
Event: 11.363 GC heap before
{Heap before GC invocations=9 (full 2):
 PSYoungGen      total 111616K, used 8183K [0x00000000f5580000, 0x00000000fff00000, 0x0000000100000000)
  eden space 99328K, 0% used [0x00000000f5580000,0x00000000f5580000,0x00000000fb680000)
  from space 12288K, 66% used [0x00000000fb680000,0x00000000fbe7de50,0x00000000fc280000)
  to   space 11776K, 0% used [0x00000000ff380000,0x00000000ff380000,0x00000000fff00000)
 ParOldGen       total 175104K, used 9436K [0x00000000e0000000, 0x00000000eab00000, 0x00000000f5580000)
  object space 175104K, 5% used [0x00000000e0000000,0x00000000e09370c0,0x00000000eab00000)
 Metaspace       used 33769K, capacity 35348K, committed 35456K, reserved 1079296K
  class space    used 4871K, capacity 5207K, committed 5248K, reserved 1048576K
Event: 11.424 GC heap after
Heap after GC invocations=9 (full 2):
 PSYoungGen      total 111616K, used 0K [0x00000000f5580000, 0x00000000fff00000, 0x0000000100000000)
  eden space 99328K, 0% used [0x00000000f5580000,0x00000000f5580000,0x00000000fb680000)
  from space 12288K, 0% used [0x00000000fb680000,0x00000000fb680000,0x00000000fc280000)
  to   space 11776K, 0% used [0x00000000ff380000,0x00000000ff380000,0x00000000fff00000)
 ParOldGen       total 175104K, used 15296K [0x00000000e0000000, 0x00000000eab00000, 0x00000000f5580000)
  object space 175104K, 8% used [0x00000000e0000000,0x00000000e0ef0110,0x00000000eab00000)
 Metaspace       used 33769K, capacity 35348K, committed 35456K, reserved 1079296K
  class space    used 4871K, capacity 5207K, committed 5248K, reserved 1048576K
}
Event: 14.371 GC heap before
{Heap before GC invocations=10 (full 2):
 PSYoungGen      total 111616K, used 99328K [0x00000000f5580000, 0x00000000fff00000, 0x0000000100000000)
  eden space 99328K, 100% used [0x00000000f5580000,0x00000000fb680000,0x00000000fb680000)
  from space 12288K, 0% used [0x00000000fb680000,0x00000000fb680000,0x00000000fc280000)
  to   space 11776K, 0% used [0x00000000ff380000,0x00000000ff380000,0x00000000fff00000)
 ParOldGen       total 175104K, used 15296K [0x00000000e0000000, 0x00000000eab00000, 0x00000000f5580000)
  object space 175104K, 8% used [0x00000000e0000000,0x00000000e0ef0110,0x00000000eab00000)
 Metaspace       used 39315K, capacity 41340K, committed 41600K, reserved 1085440K
  class space    used 5541K, capacity 5956K, committed 6016K, reserved 1048576K
Event: 14.395 GC heap after
Heap after GC invocations=10 (full 2):
 PSYoungGen      total 150528K, used 7646K [0x00000000f5580000, 0x00000000ffb00000, 0x0000000100000000)
  eden space 142848K, 0% used [0x00000000f5580000,0x00000000f5580000,0x00000000fe100000)
  from space 7680K, 99% used [0x00000000ff380000,0x00000000ffaf7880,0x00000000ffb00000)
  to   space 11264K, 0% used [0x00000000fe500000,0x00000000fe500000,0x00000000ff000000)
 ParOldGen       total 175104K, used 15296K [0x00000000e0000000, 0x00000000eab00000, 0x00000000f5580000)
  object space 175104K, 8% used [0x00000000e0000000,0x00000000e0ef0110,0x00000000eab00000)
 Metaspace       used 39315K, capacity 41340K, committed 41600K, reserved 1085440K
  class space    used 5541K, capacity 5956K, committed 6016K, reserved 1048576K
}
Event: 19.019 GC heap before
{Heap before GC invocations=11 (full 2):
 PSYoungGen      total 150528K, used 150494K [0x00000000f5580000, 0x00000000ffb00000, 0x0000000100000000)
  eden space 142848K, 100% used [0x00000000f5580000,0x00000000fe100000,0x00000000fe100000)
  from space 7680K, 99% used [0x00000000ff380000,0x00000000ffaf7880,0x00000000ffb00000)
  to   space 11264K, 0% used [0x00000000fe500000,0x00000000fe500000,0x00000000ff000000)
 ParOldGen       total 175104K, used 15296K [0x00000000e0000000, 0x00000000eab00000, 0x00000000f5580000)
  object space 175104K, 8% used [0x00000000e0000000,0x00000000e0ef0110,0x00000000eab00000)
 Metaspace       used 47626K, capacity 50260K, committed 50432K, reserved 1091584K
  class space    used 6862K, capacity 7381K, committed 7424K, reserved 1048576K
Event: 19.064 GC heap after
Heap after GC invocations=11 (full 2):
 PSYoungGen      total 158208K, used 11257K [0x00000000f5580000, 0x0000000100000000, 0x0000000100000000)
  eden space 146944K, 0% used [0x00000000f5580000,0x00000000f5580000,0x00000000fe500000)
  from space 11264K, 99% used [0x00000000fe500000,0x00000000feffe690,0x00000000ff000000)
  to   space 14848K, 0% used [0x00000000ff180000,0x00000000ff180000,0x0000000100000000)
 ParOldGen       total 175104K, used 20720K [0x00000000e0000000, 0x00000000eab00000, 0x00000000f5580000)
  object space 175104K, 11% used [0x00000000e0000000,0x00000000e143c218,0x00000000eab00000)
 Metaspace       used 47626K, capacity 50260K, committed 50432K, reserved 1091584K
  class space    used 6862K, capacity 7381K, committed 7424K, reserved 1048576K
}
Event: 28.094 GC heap before
{Heap before GC invocations=12 (full 2):
 PSYoungGen      total 158208K, used 140490K [0x00000000f5580000, 0x0000000100000000, 0x0000000100000000)
  eden space 146944K, 87% used [0x00000000f5580000,0x00000000fd3b41d8,0x00000000fe500000)
  from space 11264K, 99% used [0x00000000fe500000,0x00000000feffe690,0x00000000ff000000)
  to   space 14848K, 0% used [0x00000000ff180000,0x00000000ff180000,0x0000000100000000)
 ParOldGen       total 175104K, used 20720K [0x00000000e0000000, 0x00000000eab00000, 0x00000000f5580000)
  object space 175104K, 11% used [0x00000000e0000000,0x00000000e143c218,0x00000000eab00000)
 Metaspace       used 55196K, capacity 59029K, committed 59096K, reserved 1099776K
  class space    used 8070K, capacity 8832K, committed 8832K, reserved 1048576K
Event: 28.136 GC heap after
Heap after GC invocations=12 (full 2):
 PSYoungGen      total 153600K, used 14824K [0x00000000f5580000, 0x0000000100000000, 0x0000000100000000)
  eden space 138752K, 0% used [0x00000000f5580000,0x00000000f5580000,0x00000000fdd00000)
  from space 14848K, 99% used [0x00000000ff180000,0x00000000ffffa380,0x0000000100000000)
  to   space 17920K, 0% used [0x00000000fdd00000,0x00000000fdd00000,0x00000000fee80000)
 ParOldGen       total 175104K, used 24737K [0x00000000e0000000, 0x00000000eab00000, 0x00000000f5580000)
  object space 175104K, 14% used [0x00000000e0000000,0x00000000e1828438,0x00000000eab00000)
 Metaspace       used 55196K, capacity 59029K, committed 59096K, reserved 1099776K
  class space    used 8070K, capacity 8832K, committed 8832K, reserved 1048576K
}
Event: 28.136 GC heap before
{Heap before GC invocations=13 (full 3):
 PSYoungGen      total 153600K, used 14824K [0x00000000f5580000, 0x0000000100000000, 0x0000000100000000)
  eden space 138752K, 0% used [0x00000000f5580000,0x00000000f5580000,0x00000000fdd00000)
  from space 14848K, 99% used [0x00000000ff180000,0x00000000ffffa380,0x0000000100000000)
  to   space 17920K, 0% used [0x00000000fdd00000,0x00000000fdd00000,0x00000000fee80000)
 ParOldGen       total 175104K, used 24737K [0x00000000e0000000, 0x00000000eab00000, 0x00000000f5580000)
  object space 175104K, 14% used [0x00000000e0000000,0x00000000e1828438,0x00000000eab00000)
 Metaspace       used 55196K, capacity 59029K, committed 59096K, reserved 1099776K
  class space    used 8070K, capacity 8832K, committed 8832K, reserved 1048576K
Event: 28.403 GC heap after
Heap after GC invocations=13 (full 3):
 PSYoungGen      total 153600K, used 0K [0x00000000f5580000, 0x0000000100000000, 0x0000000100000000)
  eden space 138752K, 0% used [0x00000000f5580000,0x00000000f5580000,0x00000000fdd00000)
  from space 14848K, 0% used [0x00000000ff180000,0x00000000ff180000,0x0000000100000000)
  to   space 17920K, 0% used [0x00000000fdd00000,0x00000000fdd00000,0x00000000fee80000)
 ParOldGen       total 243200K, used 31297K [0x00000000e0000000, 0x00000000eed80000, 0x00000000f5580000)
  object space 243200K, 12% used [0x00000000e0000000,0x00000000e1e90738,0x00000000eed80000)
 Metaspace       used 55154K, capacity 58873K, committed 59096K, reserved 1099776K
  class space    used 8055K, capacity 8784K, committed 8832K, reserved 1048576K
}

