# JRE version: Java(TM) SE Runtime Environment (8.0_241-b07) (build 1.8.0_241-b07)
# Java VM: Java HotSpot(TM) 64-Bit Server VM (25.241-b07 mixed mode windows-amd64 compressed oops)
Heap:
 PSYoungGen      total 141312K, used 19798K [0x00000000f5580000, 0x00000000fef00000, 0x0000000100000000)
  eden space 130048K, 15% used [0x00000000f5580000,0x00000000f68d5980,0x00000000fd480000)
  from space 11264K, 0% used [0x00000000fe000000,0x00000000fe000000,0x00000000feb00000)
  to   space 11776K, 0% used [0x00000000fd480000,0x00000000fd480000,0x00000000fe000000)
 ParOldGen       total 175104K, used 26245K [0x00000000e0000000, 0x00000000eab00000, 0x00000000f5580000)
  object space 175104K, 14% used [0x00000000e0000000,0x00000000e19a14a0,0x00000000eab00000)
 Metaspace       used 52092K, capacity 55220K, committed 55296K, reserved 1097728K
  class space    used 7536K, capacity 8134K, committed 8192K, reserved 1048576K
GC Heap History (10 events):
Event: 28.497 GC heap before
{Heap before GC invocations=11 (full 2):
 PSYoungGen      total 106496K, used 106296K [0x00000000f5580000, 0x00000000ff800000, 0x0000000100000000)
  eden space 97792K, 100% used [0x00000000f5580000,0x00000000fb500000,0x00000000fb500000)
  from space 8704K, 97% used [0x00000000fc080000,0x00000000fc8ce1d8,0x00000000fc900000)
  to   space 11776K, 0% used [0x00000000fb500000,0x00000000fb500000,0x00000000fc080000)
 ParOldGen       total 175104K, used 15351K [0x00000000e0000000, 0x00000000eab00000, 0x00000000f5580000)
  object space 175104K, 8% used [0x00000000e0000000,0x00000000e0efdc70,0x00000000eab00000)
 Metaspace       used 42099K, capacity 44292K, committed 44416K, reserved 1087488K
  class space    used 6070K, capacity 6490K, committed 6528K, reserved 1048576K
Event: 28.520 GC heap after
Heap after GC invocations=11 (full 2):
 PSYoungGen      total 109568K, used 7425K [0x00000000f5580000, 0x00000000feb00000, 0x0000000100000000)
  eden space 97792K, 0% used [0x00000000f5580000,0x00000000f5580000,0x00000000fb500000)
  from space 11776K, 63% used [0x00000000fb500000,0x00000000fbc40610,0x00000000fc080000)
  to   space 11264K, 0% used [0x00000000fe000000,0x00000000fe000000,0x00000000feb00000)
 ParOldGen       total 175104K, used 15359K [0x00000000e0000000, 0x00000000eab00000, 0x00000000f5580000)
  object space 175104K, 8% used [0x00000000e0000000,0x00000000e0effc70,0x00000000eab00000)
 Metaspace       used 42099K, capacity 44292K, committed 44416K, reserved 1087488K
  class space    used 6070K, capacity 6490K, committed 6528K, reserved 1048576K
}
Event: 30.881 GC heap before
{Heap before GC invocations=12 (full 2):
 PSYoungGen      total 109568K, used 105217K [0x00000000f5580000, 0x00000000feb00000, 0x0000000100000000)
  eden space 97792K, 100% used [0x00000000f5580000,0x00000000fb500000,0x00000000fb500000)
  from space 11776K, 63% used [0x00000000fb500000,0x00000000fbc40610,0x00000000fc080000)
  to   space 11264K, 0% used [0x00000000fe000000,0x00000000fe000000,0x00000000feb00000)
 ParOldGen       total 175104K, used 15359K [0x00000000e0000000, 0x00000000eab00000, 0x00000000f5580000)
  object space 175104K, 8% used [0x00000000e0000000,0x00000000e0effc70,0x00000000eab00000)
 Metaspace       used 44871K, capacity 47268K, committed 47488K, reserved 1089536K
  class space    used 6317K, capacity 6757K, committed 6784K, reserved 1048576K
Event: 30.934 GC heap after
Heap after GC invocations=12 (full 2):
 PSYoungGen      total 141312K, used 9497K [0x00000000f5580000, 0x00000000fef00000, 0x0000000100000000)
  eden space 130048K, 0% used [0x00000000f5580000,0x00000000f5580000,0x00000000fd480000)
  from space 11264K, 84% used [0x00000000fe000000,0x00000000fe946480,0x00000000feb00000)
  to   space 11776K, 0% used [0x00000000fd480000,0x00000000fd480000,0x00000000fe000000)
 ParOldGen       total 175104K, used 15367K [0x00000000e0000000, 0x00000000eab00000, 0x00000000f5580000)
  object space 175104K, 8% used [0x00000000e0000000,0x00000000e0f01c70,0x00000000eab00000)
 Metaspace       used 44871K, capacity 47268K, committed 47488K, reserved 1089536K
  class space    used 6317K, capacity 6757K, committed 6784K, reserved 1048576K
}
Event: 34.543 GC heap before
{Heap before GC invocations=13 (full 2):
 PSYoungGen      total 141312K, used 139545K [0x00000000f5580000, 0x00000000fef00000, 0x0000000100000000)
  eden space 130048K, 100% used [0x00000000f5580000,0x00000000fd480000,0x00000000fd480000)
  from space 11264K, 84% used [0x00000000fe000000,0x00000000fe946480,0x00000000feb00000)
  to   space 11776K, 0% used [0x00000000fd480000,0x00000000fd480000,0x00000000fe000000)
 ParOldGen       total 175104K, used 15367K [0x00000000e0000000, 0x00000000eab00000, 0x00000000f5580000)
  object space 175104K, 8% used [0x00000000e0000000,0x00000000e0f01c70,0x00000000eab00000)
 Metaspace       used 49679K, capacity 52798K, committed 53120K, reserved 1095680K
  class space    used 7127K, capacity 7721K, committed 7808K, reserved 1048576K
Event: 34.579 GC heap after
Heap after GC invocations=13 (full 2):
 PSYoungGen      total 141824K, used 11763K [0x00000000f5580000, 0x00000000fef00000, 0x0000000100000000)
  eden space 130048K, 0% used [0x00000000f5580000,0x00000000f5580000,0x00000000fd480000)
  from space 11776K, 99% used [0x00000000fd480000,0x00000000fdffcf38,0x00000000fe000000)
  to   space 11264K, 0% used [0x00000000fe000000,0x00000000fe000000,0x00000000feb00000)
 ParOldGen       total 175104K, used 20672K [0x00000000e0000000, 0x00000000eab00000, 0x00000000f5580000)
  object space 175104K, 11% used [0x00000000e0000000,0x00000000e14300d8,0x00000000eab00000)
 Metaspace       used 49679K, capacity 52798K, committed 53120K, reserved 1095680K
  class space    used 7127K, capacity 7721K, committed 7808K, reserved 1048576K
}
Event: 34.881 GC heap before
{Heap before GC invocations=14 (full 2):
 PSYoungGen      total 141824K, used 26540K [0x00000000f5580000, 0x00000000fef00000, 0x0000000100000000)
  eden space 130048K, 11% used [0x00000000f5580000,0x00000000f63ee1e0,0x00000000fd480000)
  from space 11776K, 99% used [0x00000000fd480000,0x00000000fdffcf38,0x00000000fe000000)
  to   space 11264K, 0% used [0x00000000fe000000,0x00000000fe000000,0x00000000feb00000)
 ParOldGen       total 175104K, used 20672K [0x00000000e0000000, 0x00000000eab00000, 0x00000000f5580000)
  object space 175104K, 11% used [0x00000000e0000000,0x00000000e14300d8,0x00000000eab00000)
 Metaspace       used 50586K, capacity 53726K, committed 53888K, reserved 1099776K
  class space    used 7305K, capacity 7937K, committed 8064K, reserved 1048576K
Event: 34.905 GC heap after
Heap after GC invocations=14 (full 2):
 PSYoungGen      total 141312K, used 9354K [0x00000000f5580000, 0x00000000fef00000, 0x0000000100000000)
  eden space 130048K, 0% used [0x00000000f5580000,0x00000000f5580000,0x00000000fd480000)
  from space 11264K, 83% used [0x00000000fe000000,0x00000000fe922ab8,0x00000000feb00000)
  to   space 11776K, 0% used [0x00000000fd480000,0x00000000fd480000,0x00000000fe000000)
 ParOldGen       total 175104K, used 23785K [0x00000000e0000000, 0x00000000eab00000, 0x00000000f5580000)
  object space 175104K, 13% used [0x00000000e0000000,0x00000000e173a590,0x00000000eab00000)
 Metaspace       used 50586K, capacity 53726K, committed 53888K, reserved 1099776K
  class space    used 7305K, capacity 7937K, committed 8064K, reserved 1048576K
}
Event: 34.906 GC heap before
{Heap before GC invocations=15 (full 3):
 PSYoungGen      total 141312K, used 9354K [0x00000000f5580000, 0x00000000fef00000, 0x0000000100000000)
  eden space 130048K, 0% used [0x00000000f5580000,0x00000000f5580000,0x00000000fd480000)
  from space 11264K, 83% used [0x00000000fe000000,0x00000000fe922ab8,0x00000000feb00000)
  to   space 11776K, 0% used [0x00000000fd480000,0x00000000fd480000,0x00000000fe000000)
 ParOldGen       total 175104K, used 23785K [0x00000000e0000000, 0x00000000eab00000, 0x00000000f5580000)
  object space 175104K, 13% used [0x00000000e0000000,0x00000000e173a590,0x00000000eab00000)
 Metaspace       used 50586K, capacity 53726K, committed 53888K, reserved 1099776K
  class space    used 7305K, capacity 7937K, committed 8064K, reserved 1048576K
Event: 35.190 GC heap after
Heap after GC invocations=15 (full 3):
 PSYoungGen      total 141312K, used 0K [0x00000000f5580000, 0x00000000fef00000, 0x0000000100000000)
  eden space 130048K, 0% used [0x00000000f5580000,0x00000000f5580000,0x00000000fd480000)
  from space 11264K, 0% used [0x00000000fe000000,0x00000000fe000000,0x00000000feb00000)
  to   space 11776K, 0% used [0x00000000fd480000,0x00000000fd480000,0x00000000fe000000)
 ParOldGen       total 175104K, used 26245K [0x00000000e0000000, 0x00000000eab00000, 0x00000000f5580000)
  object space 175104K, 14% used [0x00000000e0000000,0x00000000e19a14a0,0x00000000eab00000)
 Metaspace       used 50538K, capacity 53608K, committed 53888K, reserved 1097728K
  class space    used 7292K, capacity 7921K, committed 8064K, reserved 1048576K
}

