# JRE version: Java(TM) SE Runtime Environment (8.0_241-b07) (build 1.8.0_241-b07)
# Java VM: Java HotSpot(TM) 64-Bit Server VM (25.241-b07 mixed mode windows-amd64 compressed oops)
Heap:
 PSYoungGen      total 153600K, used 37299K [0x00000000f5580000, 0x0000000100000000, 0x0000000100000000)
  eden space 132608K, 25% used [0x00000000f5580000,0x00000000f76f6520,0x00000000fd700000)
  from space 20992K, 26% used [0x00000000feb80000,0x00000000ff0e7358,0x0000000100000000)
  to   space 20992K, 0% used [0x00000000fd700000,0x00000000fd700000,0x00000000feb80000)
 ParOldGen       total 207872K, used 30329K [0x00000000e0000000, 0x00000000ecb00000, 0x00000000f5580000)
  object space 207872K, 14% used [0x00000000e0000000,0x00000000e1d9e480,0x00000000ecb00000)
 Metaspace       used 60157K, capacity 64736K, committed 64896K, reserved 1103872K
  class space    used 8771K, capacity 9549K, committed 9600K, reserved 1048576K
GC Heap History (10 events):
Event: 18.210 GC heap before
{Heap before GC invocations=11 (full 2):
 PSYoungGen      total 156160K, used 156157K [0x00000000f5580000, 0x0000000100000000, 0x0000000100000000)
  eden space 142848K, 100% used [0x00000000f5580000,0x00000000fe100000,0x00000000fe100000)
  from space 13312K, 99% used [0x00000000ff300000,0x00000000fffff790,0x0000000100000000)
  to   space 15872K, 0% used [0x00000000fe100000,0x00000000fe100000,0x00000000ff080000)
 ParOldGen       total 175104K, used 18825K [0x00000000e0000000, 0x00000000eab00000, 0x00000000f5580000)
  object space 175104K, 10% used [0x00000000e0000000,0x00000000e1262530,0x00000000eab00000)
 Metaspace       used 54251K, capacity 58218K, committed 58368K, reserved 1099776K
  class space    used 7973K, capacity 8699K, committed 8704K, reserved 1048576K
Event: 18.242 GC heap after
Heap after GC invocations=11 (full 2):
 PSYoungGen      total 158720K, used 15864K [0x00000000f5580000, 0x0000000100000000, 0x0000000100000000)
  eden space 142848K, 0% used [0x00000000f5580000,0x00000000f5580000,0x00000000fe100000)
  from space 15872K, 99% used [0x00000000fe100000,0x00000000ff07e060,0x00000000ff080000)
  to   space 15872K, 0% used [0x00000000ff080000,0x00000000ff080000,0x0000000100000000)
 ParOldGen       total 175104K, used 23326K [0x00000000e0000000, 0x00000000eab00000, 0x00000000f5580000)
  object space 175104K, 13% used [0x00000000e0000000,0x00000000e16c7a60,0x00000000eab00000)
 Metaspace       used 54251K, capacity 58218K, committed 58368K, reserved 1099776K
  class space    used 7973K, capacity 8699K, committed 8704K, reserved 1048576K
}
Event: 18.392 GC heap before
{Heap before GC invocations=12 (full 2):
 PSYoungGen      total 158720K, used 36803K [0x00000000f5580000, 0x0000000100000000, 0x0000000100000000)
  eden space 142848K, 14% used [0x00000000f5580000,0x00000000f69f2cd0,0x00000000fe100000)
  from space 15872K, 99% used [0x00000000fe100000,0x00000000ff07e060,0x00000000ff080000)
  to   space 15872K, 0% used [0x00000000ff080000,0x00000000ff080000,0x0000000100000000)
 ParOldGen       total 175104K, used 23326K [0x00000000e0000000, 0x00000000eab00000, 0x00000000f5580000)
  object space 175104K, 13% used [0x00000000e0000000,0x00000000e16c7a60,0x00000000eab00000)
 Metaspace       used 54763K, capacity 59032K, committed 59096K, reserved 1099776K
  class space    used 8051K, capacity 8811K, committed 8832K, reserved 1048576K
Event: 18.430 GC heap after
Heap after GC invocations=12 (full 2):
 PSYoungGen      total 149504K, used 15864K [0x00000000f5580000, 0x0000000100000000, 0x0000000100000000)
  eden space 133632K, 0% used [0x00000000f5580000,0x00000000f5580000,0x00000000fd800000)
  from space 15872K, 99% used [0x00000000ff080000,0x00000000ffffe080,0x0000000100000000)
  to   space 20480K, 0% used [0x00000000fd800000,0x00000000fd800000,0x00000000fec00000)
 ParOldGen       total 175104K, used 23912K [0x00000000e0000000, 0x00000000eab00000, 0x00000000f5580000)
  object space 175104K, 13% used [0x00000000e0000000,0x00000000e175a2a0,0x00000000eab00000)
 Metaspace       used 54763K, capacity 59032K, committed 59096K, reserved 1099776K
  class space    used 8051K, capacity 8811K, committed 8832K, reserved 1048576K
}
Event: 18.430 GC heap before
{Heap before GC invocations=13 (full 3):
 PSYoungGen      total 149504K, used 15864K [0x00000000f5580000, 0x0000000100000000, 0x0000000100000000)
  eden space 133632K, 0% used [0x00000000f5580000,0x00000000f5580000,0x00000000fd800000)
  from space 15872K, 99% used [0x00000000ff080000,0x00000000ffffe080,0x0000000100000000)
  to   space 20480K, 0% used [0x00000000fd800000,0x00000000fd800000,0x00000000fec00000)
 ParOldGen       total 175104K, used 23912K [0x00000000e0000000, 0x00000000eab00000, 0x00000000f5580000)
  object space 175104K, 13% used [0x00000000e0000000,0x00000000e175a2a0,0x00000000eab00000)
 Metaspace       used 54763K, capacity 59032K, committed 59096K, reserved 1099776K
  class space    used 8051K, capacity 8811K, committed 8832K, reserved 1048576K
Event: 18.761 GC heap after
Heap after GC invocations=13 (full 3):
 PSYoungGen      total 149504K, used 0K [0x00000000f5580000, 0x0000000100000000, 0x0000000100000000)
  eden space 133632K, 0% used [0x00000000f5580000,0x00000000f5580000,0x00000000fd800000)
  from space 15872K, 0% used [0x00000000ff080000,0x00000000ff080000,0x0000000100000000)
  to   space 20480K, 0% used [0x00000000fd800000,0x00000000fd800000,0x00000000fec00000)
 ParOldGen       total 207872K, used 30313K [0x00000000e0000000, 0x00000000ecb00000, 0x00000000f5580000)
  object space 207872K, 14% used [0x00000000e0000000,0x00000000e1d9a480,0x00000000ecb00000)
 Metaspace       used 54748K, capacity 58984K, committed 59096K, reserved 1099776K
  class space    used 8046K, capacity 8803K, committed 8832K, reserved 1048576K
}
Event: 19.355 GC heap before
{Heap before GC invocations=14 (full 3):
 PSYoungGen      total 149504K, used 133632K [0x00000000f5580000, 0x0000000100000000, 0x0000000100000000)
  eden space 133632K, 100% used [0x00000000f5580000,0x00000000fd800000,0x00000000fd800000)
  from space 15872K, 0% used [0x00000000ff080000,0x00000000ff080000,0x0000000100000000)
  to   space 20480K, 0% used [0x00000000fd800000,0x00000000fd800000,0x00000000fec00000)
 ParOldGen       total 207872K, used 30313K [0x00000000e0000000, 0x00000000ecb00000, 0x00000000f5580000)
  object space 207872K, 14% used [0x00000000e0000000,0x00000000e1d9a480,0x00000000ecb00000)
 Metaspace       used 56220K, capacity 60470K, committed 60544K, reserved 1101824K
  class space    used 8265K, capacity 9034K, committed 9088K, reserved 1048576K
Event: 19.367 GC heap after
Heap after GC invocations=14 (full 3):
 PSYoungGen      total 137728K, used 3776K [0x00000000f5580000, 0x0000000100000000, 0x0000000100000000)
  eden space 133632K, 0% used [0x00000000f5580000,0x00000000f5580000,0x00000000fd800000)
  from space 4096K, 92% used [0x00000000fd800000,0x00000000fdbb0000,0x00000000fdc00000)
  to   space 20992K, 0% used [0x00000000feb80000,0x00000000feb80000,0x0000000100000000)
 ParOldGen       total 207872K, used 30321K [0x00000000e0000000, 0x00000000ecb00000, 0x00000000f5580000)
  object space 207872K, 14% used [0x00000000e0000000,0x00000000e1d9c480,0x00000000ecb00000)
 Metaspace       used 56220K, capacity 60470K, committed 60544K, reserved 1101824K
  class space    used 8265K, capacity 9034K, committed 9088K, reserved 1048576K
}
Event: 20.079 GC heap before
{Heap before GC invocations=15 (full 3):
 PSYoungGen      total 137728K, used 137408K [0x00000000f5580000, 0x0000000100000000, 0x0000000100000000)
  eden space 133632K, 100% used [0x00000000f5580000,0x00000000fd800000,0x00000000fd800000)
  from space 4096K, 92% used [0x00000000fd800000,0x00000000fdbb0000,0x00000000fdc00000)
  to   space 20992K, 0% used [0x00000000feb80000,0x00000000feb80000,0x0000000100000000)
 ParOldGen       total 207872K, used 30321K [0x00000000e0000000, 0x00000000ecb00000, 0x00000000f5580000)
  object space 207872K, 14% used [0x00000000e0000000,0x00000000e1d9c480,0x00000000ecb00000)
 Metaspace       used 58923K, capacity 63166K, committed 63488K, reserved 1103872K
  class space    used 8627K, capacity 9379K, committed 9472K, reserved 1048576K
Event: 20.088 GC heap after
Heap after GC invocations=15 (full 3):
 PSYoungGen      total 153600K, used 5532K [0x00000000f5580000, 0x0000000100000000, 0x0000000100000000)
  eden space 132608K, 0% used [0x00000000f5580000,0x00000000f5580000,0x00000000fd700000)
  from space 20992K, 26% used [0x00000000feb80000,0x00000000ff0e7358,0x0000000100000000)
  to   space 20992K, 0% used [0x00000000fd700000,0x00000000fd700000,0x00000000feb80000)
 ParOldGen       total 207872K, used 30329K [0x00000000e0000000, 0x00000000ecb00000, 0x00000000f5580000)
  object space 207872K, 14% used [0x00000000e0000000,0x00000000e1d9e480,0x00000000ecb00000)
 Metaspace       used 58923K, capacity 63166K, committed 63488K, reserved 1103872K
  class space    used 8627K, capacity 9379K, committed 9472K, reserved 1048576K
}

