# JRE version: Java(TM) SE Runtime Environment (8.0_241-b07) (build 1.8.0_241-b07)
# Java VM: Java HotSpot(TM) 64-Bit Server VM (25.241-b07 mixed mode windows-amd64 compressed oops)
Heap:
 PSYoungGen      total 266752K, used 54242K [0x00000000eb180000, 0x00000000fe280000, 0x0000000100000000)
  eden space 238592K, 22% used [0x00000000eb180000,0x00000000ee678ad0,0x00000000f9a80000)
  from space 28160K, 0% used [0x00000000fbb00000,0x00000000fbb00000,0x00000000fd680000)
  to   space 33280K, 0% used [0x00000000f9a80000,0x00000000f9a80000,0x00000000fbb00000)
 ParOldGen       total 92160K, used 40627K [0x00000000c1400000, 0x00000000c6e00000, 0x00000000eb180000)
  object space 92160K, 44% used [0x00000000c1400000,0x00000000c3bacd08,0x00000000c6e00000)
 Metaspace       used 53250K, capacity 54236K, committed 59028K, reserved 1101824K
  class space    used 6271K, capacity 6486K, committed 7168K, reserved 1048576K
GC Heap History (10 events):
Event: 89.423 GC heap before
{Heap before GC invocations=17 (full 2):
 PSYoungGen      total 181760K, used 181728K [0x00000000eb180000, 0x00000000f7d80000, 0x0000000100000000)
  eden space 165376K, 100% used [0x00000000eb180000,0x00000000f5300000,0x00000000f5300000)
  from space 16384K, 99% used [0x00000000f6600000,0x00000000f75f8210,0x00000000f7600000)
  to   space 19456K, 0% used [0x00000000f5300000,0x00000000f5300000,0x00000000f6600000)
 ParOldGen       total 59904K, used 19471K [0x00000000c1400000, 0x00000000c4e80000, 0x00000000eb180000)
  object space 59904K, 32% used [0x00000000c1400000,0x00000000c2703d40,0x00000000c4e80000)
 Metaspace       used 42902K, capacity 43702K, committed 44120K, reserved 1087488K
  class space    used 4928K, capacity 5128K, committed 5248K, reserved 1048576K
Event: 89.473 GC heap after
Heap after GC invocations=17 (full 2):
 PSYoungGen      total 184832K, used 19452K [0x00000000eb180000, 0x00000000fb080000, 0x0000000100000000)
  eden space 165376K, 0% used [0x00000000eb180000,0x00000000eb180000,0x00000000f5300000)
  from space 19456K, 99% used [0x00000000f5300000,0x00000000f65ff300,0x00000000f6600000)
  to   space 23040K, 0% used [0x00000000f9a00000,0x00000000f9a00000,0x00000000fb080000)
 ParOldGen       total 59904K, used 22283K [0x00000000c1400000, 0x00000000c4e80000, 0x00000000eb180000)
  object space 59904K, 37% used [0x00000000c1400000,0x00000000c29c2ca0,0x00000000c4e80000)
 Metaspace       used 42902K, capacity 43702K, committed 44120K, reserved 1087488K
  class space    used 4928K, capacity 5128K, committed 5248K, reserved 1048576K
}
Event: 780.007 GC heap before
{Heap before GC invocations=18 (full 2):
 PSYoungGen      total 184832K, used 184828K [0x00000000eb180000, 0x00000000fb080000, 0x0000000100000000)
  eden space 165376K, 100% used [0x00000000eb180000,0x00000000f5300000,0x00000000f5300000)
  from space 19456K, 99% used [0x00000000f5300000,0x00000000f65ff300,0x00000000f6600000)
  to   space 23040K, 0% used [0x00000000f9a00000,0x00000000f9a00000,0x00000000fb080000)
 ParOldGen       total 59904K, used 22283K [0x00000000c1400000, 0x00000000c4e80000, 0x00000000eb180000)
  object space 59904K, 37% used [0x00000000c1400000,0x00000000c29c2ca0,0x00000000c4e80000)
 Metaspace       used 47088K, capacity 47926K, committed 48216K, reserved 1091584K
  class space    used 5449K, capacity 5650K, committed 5760K, reserved 1048576K
Event: 781.844 GC heap after
Heap after GC invocations=18 (full 2):
 PSYoungGen      total 231936K, used 19055K [0x00000000eb180000, 0x00000000faf80000, 0x0000000100000000)
  eden space 209920K, 0% used [0x00000000eb180000,0x00000000eb180000,0x00000000f7e80000)
  from space 22016K, 86% used [0x00000000f9a00000,0x00000000fac9bfc8,0x00000000faf80000)
  to   space 25088K, 0% used [0x00000000f7e80000,0x00000000f7e80000,0x00000000f9700000)
 ParOldGen       total 59904K, used 23483K [0x00000000c1400000, 0x00000000c4e80000, 0x00000000eb180000)
  object space 59904K, 39% used [0x00000000c1400000,0x00000000c2aeecd0,0x00000000c4e80000)
 Metaspace       used 47088K, capacity 47926K, committed 48216K, reserved 1091584K
  class space    used 5449K, capacity 5650K, committed 5760K, reserved 1048576K
}
Event: 799.743 GC heap before
{Heap before GC invocations=19 (full 2):
 PSYoungGen      total 231936K, used 228975K [0x00000000eb180000, 0x00000000faf80000, 0x0000000100000000)
  eden space 209920K, 100% used [0x00000000eb180000,0x00000000f7e80000,0x00000000f7e80000)
  from space 22016K, 86% used [0x00000000f9a00000,0x00000000fac9bfc8,0x00000000faf80000)
  to   space 25088K, 0% used [0x00000000f7e80000,0x00000000f7e80000,0x00000000f9700000)
 ParOldGen       total 59904K, used 23483K [0x00000000c1400000, 0x00000000c4e80000, 0x00000000eb180000)
  object space 59904K, 39% used [0x00000000c1400000,0x00000000c2aeecd0,0x00000000c4e80000)
 Metaspace       used 53257K, capacity 54228K, committed 54616K, reserved 1097728K
  class space    used 6276K, capacity 6523K, committed 6528K, reserved 1048576K
Event: 799.808 GC heap after
Heap after GC invocations=19 (full 2):
 PSYoungGen      total 235008K, used 22977K [0x00000000eb180000, 0x00000000fd680000, 0x0000000100000000)
  eden space 209920K, 0% used [0x00000000eb180000,0x00000000eb180000,0x00000000f7e80000)
  from space 25088K, 91% used [0x00000000f7e80000,0x00000000f94f0430,0x00000000f9700000)
  to   space 28160K, 0% used [0x00000000fbb00000,0x00000000fbb00000,0x00000000fd680000)
 ParOldGen       total 59904K, used 23491K [0x00000000c1400000, 0x00000000c4e80000, 0x00000000eb180000)
  object space 59904K, 39% used [0x00000000c1400000,0x00000000c2af0cd0,0x00000000c4e80000)
 Metaspace       used 53257K, capacity 54228K, committed 54616K, reserved 1097728K
  class space    used 6276K, capacity 6523K, committed 6528K, reserved 1048576K
}
Event: 806.511 GC heap before
{Heap before GC invocations=20 (full 2):
 PSYoungGen      total 235008K, used 223146K [0x00000000eb180000, 0x00000000fd680000, 0x0000000100000000)
  eden space 209920K, 95% used [0x00000000eb180000,0x00000000f74fa710,0x00000000f7e80000)
  from space 25088K, 91% used [0x00000000f7e80000,0x00000000f94f0430,0x00000000f9700000)
  to   space 28160K, 0% used [0x00000000fbb00000,0x00000000fbb00000,0x00000000fd680000)
 ParOldGen       total 59904K, used 23491K [0x00000000c1400000, 0x00000000c4e80000, 0x00000000eb180000)
  object space 59904K, 39% used [0x00000000c1400000,0x00000000c2af0cd0,0x00000000c4e80000)
 Metaspace       used 57648K, capacity 58674K, committed 59028K, reserved 1101824K
  class space    used 6860K, capacity 7118K, committed 7168K, reserved 1048576K
Event: 806.598 GC heap after
Heap after GC invocations=20 (full 2):
 PSYoungGen      total 266752K, used 28145K [0x00000000eb180000, 0x00000000fe280000, 0x0000000100000000)
  eden space 238592K, 0% used [0x00000000eb180000,0x00000000eb180000,0x00000000f9a80000)
  from space 28160K, 99% used [0x00000000fbb00000,0x00000000fd67c638,0x00000000fd680000)
  to   space 33280K, 0% used [0x00000000f9a80000,0x00000000f9a80000,0x00000000fbb00000)
 ParOldGen       total 59904K, used 25290K [0x00000000c1400000, 0x00000000c4e80000, 0x00000000eb180000)
  object space 59904K, 42% used [0x00000000c1400000,0x00000000c2cb2a00,0x00000000c4e80000)
 Metaspace       used 57648K, capacity 58674K, committed 59028K, reserved 1101824K
  class space    used 6860K, capacity 7118K, committed 7168K, reserved 1048576K
}
Event: 806.600 GC heap before
{Heap before GC invocations=21 (full 3):
 PSYoungGen      total 266752K, used 28145K [0x00000000eb180000, 0x00000000fe280000, 0x0000000100000000)
  eden space 238592K, 0% used [0x00000000eb180000,0x00000000eb180000,0x00000000f9a80000)
  from space 28160K, 99% used [0x00000000fbb00000,0x00000000fd67c638,0x00000000fd680000)
  to   space 33280K, 0% used [0x00000000f9a80000,0x00000000f9a80000,0x00000000fbb00000)
 ParOldGen       total 59904K, used 25290K [0x00000000c1400000, 0x00000000c4e80000, 0x00000000eb180000)
  object space 59904K, 42% used [0x00000000c1400000,0x00000000c2cb2a00,0x00000000c4e80000)
 Metaspace       used 57648K, capacity 58674K, committed 59028K, reserved 1101824K
  class space    used 6860K, capacity 7118K, committed 7168K, reserved 1048576K
Event: 807.885 GC heap after
Heap after GC invocations=21 (full 3):
 PSYoungGen      total 266752K, used 0K [0x00000000eb180000, 0x00000000fe280000, 0x0000000100000000)
  eden space 238592K, 0% used [0x00000000eb180000,0x00000000eb180000,0x00000000f9a80000)
  from space 28160K, 0% used [0x00000000fbb00000,0x00000000fbb00000,0x00000000fd680000)
  to   space 33280K, 0% used [0x00000000f9a80000,0x00000000f9a80000,0x00000000fbb00000)
 ParOldGen       total 92160K, used 40627K [0x00000000c1400000, 0x00000000c6e00000, 0x00000000eb180000)
  object space 92160K, 44% used [0x00000000c1400000,0x00000000c3bacd08,0x00000000c6e00000)
 Metaspace       used 51608K, capacity 52486K, committed 59028K, reserved 1101824K
  class space    used 6037K, capacity 6253K, committed 7168K, reserved 1048576K
}

